<?xml version='1.0' encoding='UTF-8'?>
<testsuite hostname="DESKTOP-APEJ6QJ" name="myHuffman.HuffmanSuite" tests="4" errors="0" failures="0" skipped="0" time="0.021" timestamp="2021-07-17T12:06:07">
                     <properties>
      <property name="java.specification.version" value="15"/><property name="sun.cpu.isalist" value="amd64"/><property name="sun.jnu.encoding" value="Cp1252"/><property name="sun.arch.data.model" value="64"/><property name="sbt.supershell" value="false"/><property name="java.vendor.url" value="https://java.oracle.com/"/><property name="sun.boot.library.path" value="C:\java\jdk-15.0.2\bin"/><property name="sun.java.command" value="C:\Users\Hossein\AppData\Roaming\JetBrains\IntelliJIdea2020.3\plugins\Scala\launcher\sbt-launch.jar early(addPluginSbtFile=&quot;&quot;&quot;C:\Users\Hossein\AppData\Local\Temp\idea8.sbt&quot;&quot;&quot;) ; set ideaPort in Global := 1366 ; idea-shell"/><property name="jdk.debug" value="release"/><property name="sun.stderr.encoding" value="cp437"/><property name="java.specification.vendor" value="Oracle Corporation"/><property name="java.version.date" value="2021-01-19"/><property name="java.home" value="C:\java\jdk-15.0.2"/><property name="file.separator" value="\"/><property name="java.vm.compressedOopsMode" value="32-bit"/><property name="line.separator" value="
"/><property name="sun.stdout.encoding" value="cp437"/><property name="java.vm.specification.vendor" value="Oracle Corporation"/><property name="java.specification.name" value="Java Platform API Specification"/><property name="user.script" value=""/><property name="sun.management.compiler" value="HotSpot 64-Bit Tiered Compilers"/><property name="java.runtime.version" value="15.0.2+7-27"/><property name="user.name" value="Hossein"/><property name="log4j.ignoreTCL" value="true"/><property name="file.encoding" value="UTF-8"/><property name="jnidispatch.path" value="C:\Users\Hossein\AppData\Local\Temp\jna--1531644637\jna13731850828868875705.dll"/><property name="jna.loaded" value="true"/><property name="java.io.tmpdir" value="C:\Users\Hossein\AppData\Local\Temp\"/><property name="java.version" value="15.0.2"/><property name="java.vm.specification.name" value="Java Virtual Machine Specification"/><property name="sun.os.patch.level" value=""/><property name="java.library.path" value="C:\java\jdk-15.0.2\bin;C:\Windows\Sun\Java\bin;C:\Windows\system32;C:\Windows;C:\Program Files\Common Files\Oracle\Java\javapath;C:\Windows\system32;C:\Windows;C:\Windows\System32\Wbem;C:\Windows\System32\WindowsPowerShell\v1.0\;C:\Windows\System32\OpenSSH\;C:\Program Files (x86)\sbt\bin;C:\Users\Hossein\AppData\Local\Programs\Python\Python39\Scripts\;C:\Users\Hossein\AppData\Local\Programs\Python\Python39\;C:\Users\Hossein\AppData\Local\Microsoft\WindowsApps;;C:\Program Files\JetBrains\IntelliJ IDEA 2020.3.2\bin;;."/><property name="java.vendor" value="Oracle Corporation"/><property name="sun.io.unicode.encoding" value="UnicodeLittle"/><property name="java.class.path" value="C:\Users\Hossein\AppData\Roaming\JetBrains\IntelliJIdea2020.3\plugins\Scala\launcher\sbt-launch.jar"/><property name="java.vm.vendor" value="Oracle Corporation"/><property name="user.variant" value=""/><property name="jline.shutdownhook" value="false"/><property name="user.timezone" value="Asia/Tehran"/><property name="java.vm.specification.version" value="15"/><property name="os.name" value="Windows 10"/><property name="sun.java.launcher" value="SUN_STANDARD"/><property name="user.country" value="US"/><property name="sun.cpu.endian" value="little"/><property name="user.home" value="C:\Users\Hossein"/><property name="user.language" value="en"/><property name="swoval.tmpdir" value="C:\Users\Hossein\.sbt\1.0"/><property name="jline.esc.timeout" value="0"/><property name="path.separator" value=";"/><property name="os.version" value="10.0"/><property name="jna.nosys" value="true"/><property name="java.runtime.name" value="Java(TM) SE Runtime Environment"/><property name="sbt.log.noformat" value="true"/><property name="java.vm.name" value="Java HotSpot(TM) 64-Bit Server VM"/><property name="java.vendor.url.bug" value="https://bugreport.java.com/bugreport/"/><property name="user.dir" value="C:\Users\Hossein\Desktop\Huffman"/><property name="os.arch" value="amd64"/><property name="idea.managed" value="true"/><property name="java.vm.info" value="mixed mode, sharing"/><property name="java.vm.version" value="15.0.2+7-27"/><property name="java.class.version" value="59.0"/>
    </properties>
                     <testcase classname="myHuffman.HuffmanSuite" name="Encode and Decode 0-1" time="0.019">
                                                 
                                               </testcase><testcase classname="myHuffman.HuffmanSuite" name="Encode and Decode 1-1-1" time="0.0">
                                                 
                                               </testcase><testcase classname="myHuffman.HuffmanSuite" name="Encode and Decode 0-1-0-0-1" time="0.001">
                                                 
                                               </testcase><testcase classname="myHuffman.HuffmanSuite" name="Encode and Decode 0-0-1-0-0" time="0.001">
                                                 
                                               </testcase>
                     <system-out><![CDATA[]]></system-out>
                     <system-err><![CDATA[]]></system-err>
                   </testsuite>